<?xml version="1.0" encoding="UTF-8"?>
<!-- Generated by org.testng.reporters.JUnitReportReporter -->
<testsuite hostname="GODHEAVEN" failures="0" tests="6" name="testRunner.Runner" time="0.061" errors="0" timestamp="2024-07-26T15:34:54 IST" skipped="6">
  <testcase classname="testRunner.Runner" name="runScenario" time="0.005">
    <skipped/>
    <system-out>
      <![CDATA[<div "result">i open browser with url &quot;http:&#x2F;&#x2F;www.orangehrm.qedgetech.com&#x2F;&quot; (UNDEFINED)</div>
<div "result">i should see login page (UNDEFINED)</div>
<div "result">i enter username as &quot;&quot; (UNDEFINED)</div>
<div "result">i enter password as &quot;&quot; (UNDEFINED)</div>
<div "result">i click login (UNDEFINED)</div>
<div "result">i should see error message (UNDEFINED)</div>
<div "result">i close browser (UNDEFINED)</div>]]>
    </system-out>
  </testcase> <!-- runScenario -->
  <testcase classname="testRunner.Runner" name="runScenario" time="0.005">
    <skipped/>
    <system-out>
      <![CDATA[<div "result">i open browser with url &quot;http:&#x2F;&#x2F;www.orangehrm.qedgetech.com&#x2F;&quot; (UNDEFINED)</div>
<div "result">i should see login page (UNDEFINED)</div>
<div "result">i enter username as &quot;&quot; (UNDEFINED)</div>
<div "result">i enter password as &quot;&quot; (UNDEFINED)</div>
<div "result">i click login (UNDEFINED)</div>
<div "result">i should see error message (UNDEFINED)</div>
<div "result">i close browser (UNDEFINED)</div>]]>
    </system-out>
  </testcase> <!-- runScenario -->
  <testcase classname="testRunner.Runner" name="runScenario" time="0.035">
    <skipped/>
    <system-out>
      <![CDATA[<div "result">i open browser with url &quot;http:&#x2F;&#x2F;www.orangehrm.qedgetech.com&#x2F;&quot; (UNDEFINED)</div>
<div "result">i should see login page (UNDEFINED)</div>
<div "result">i enter username as &quot;Admin&quot; (UNDEFINED)</div>
<div "result">i enter password as &quot;Qedge123!@#&quot; (UNDEFINED)</div>
<div "result">i click login (UNDEFINED)</div>
<div "result">i should see admin module (UNDEFINED)</div>
<div "result">i click logout (UNDEFINED)</div>
<div "result">i should see login page (UNDEFINED)</div>
<div "result">i close browser (UNDEFINED)</div>]]>
    </system-out>
  </testcase> <!-- runScenario -->
  <testcase classname="testRunner.Runner" name="runScenario" time="0.006">
    <skipped/>
    <system-out>
      <![CDATA[<div "result">i open browser with url &quot;http:&#x2F;&#x2F;www.orangehrm.qedgetech.com&#x2F;&quot; (UNDEFINED)</div>
<div "result">i should see login page (UNDEFINED)</div>
<div "result">i enter username as &quot;admin&quot; (UNDEFINED)</div>
<div "result">i enter password as &quot;Qedge123!@#&quot; (UNDEFINED)</div>
<div "result">i click login (UNDEFINED)</div>
<div "result">i should see error message (UNDEFINED)</div>
<div "result">i close browser (UNDEFINED)</div>]]>
    </system-out>
  </testcase> <!-- runScenario -->
  <testcase classname="testRunner.Runner" name="runScenario" time="0.007">
    <skipped/>
    <system-out>
      <![CDATA[<div "result">i open browser with url &quot;http:&#x2F;&#x2F;www.orangehrm.qedgetech.com&#x2F;&quot; (UNDEFINED)</div>
<div "result">i should see login page (UNDEFINED)</div>
<div "result">i enter username as &quot;Admin&quot; (UNDEFINED)</div>
<div "result">i enter password as &quot;Qedge@123&quot; (UNDEFINED)</div>
<div "result">i click login (UNDEFINED)</div>
<div "result">i should see error message (UNDEFINED)</div>
<div "result">i close browser (UNDEFINED)</div>]]>
    </system-out>
  </testcase> <!-- runScenario -->
  <testcase classname="testRunner.Runner" name="runScenario" time="0.003">
    <skipped/>
    <system-out>
      <![CDATA[<div "result">i open browser with url &quot;http:&#x2F;&#x2F;www.orangehrm.qedgetech.com&#x2F;&quot; (UNDEFINED)</div>
<div "result">i should see login page (UNDEFINED)</div>
<div "result">i enter username as &quot;admin1&quot; (UNDEFINED)</div>
<div "result">i enter password as &quot;Qegebjh123!@#&quot; (UNDEFINED)</div>
<div "result">i click login (UNDEFINED)</div>
<div "result">i should see error message (UNDEFINED)</div>
<div "result">i close browser (UNDEFINED)</div>]]>
    </system-out>
  </testcase> <!-- runScenario -->
  <system-out>
    <![CDATA[<div "result">i open browser with url &quot;http:&#x2F;&#x2F;www.orangehrm.qedgetech.com&#x2F;&quot; (UNDEFINED)</div>
<div "result">i should see login page (UNDEFINED)</div>
<div "result">i enter username as &quot;Admin&quot; (UNDEFINED)</div>
<div "result">i enter password as &quot;Qedge123!@#&quot; (UNDEFINED)</div>
<div "result">i click login (UNDEFINED)</div>
<div "result">i should see admin module (UNDEFINED)</div>
<div "result">i click logout (UNDEFINED)</div>
<div "result">i should see login page (UNDEFINED)</div>
<div "result">i close browser (UNDEFINED)</div>
<div "result">i open browser with url &quot;http:&#x2F;&#x2F;www.orangehrm.qedgetech.com&#x2F;&quot; (UNDEFINED)</div>
<div "result">i should see login page (UNDEFINED)</div>
<div "result">i enter username as &quot;Admin&quot; (UNDEFINED)</div>
<div "result">i enter password as &quot;Qedge@123&quot; (UNDEFINED)</div>
<div "result">i click login (UNDEFINED)</div>
<div "result">i should see error message (UNDEFINED)</div>
<div "result">i close browser (UNDEFINED)</div>
<div "result">i open browser with url &quot;http:&#x2F;&#x2F;www.orangehrm.qedgetech.com&#x2F;&quot; (UNDEFINED)</div>
<div "result">i should see login page (UNDEFINED)</div>
<div "result">i enter username as &quot;admin&quot; (UNDEFINED)</div>
<div "result">i enter password as &quot;Qedge123!@#&quot; (UNDEFINED)</div>
<div "result">i click login (UNDEFINED)</div>
<div "result">i should see error message (UNDEFINED)</div>
<div "result">i close browser (UNDEFINED)</div>
<div "result">i open browser with url &quot;http:&#x2F;&#x2F;www.orangehrm.qedgetech.com&#x2F;&quot; (UNDEFINED)</div>
<div "result">i should see login page (UNDEFINED)</div>
<div "result">i enter username as &quot;admin1&quot; (UNDEFINED)</div>
<div "result">i enter password as &quot;Qegebjh123!@#&quot; (UNDEFINED)</div>
<div "result">i click login (UNDEFINED)</div>
<div "result">i should see error message (UNDEFINED)</div>
<div "result">i close browser (UNDEFINED)</div>
<div "result">i open browser with url &quot;http:&#x2F;&#x2F;www.orangehrm.qedgetech.com&#x2F;&quot; (UNDEFINED)</div>
<div "result">i should see login page (UNDEFINED)</div>
<div "result">i enter username as &quot;&quot; (UNDEFINED)</div>
<div "result">i enter password as &quot;&quot; (UNDEFINED)</div>
<div "result">i click login (UNDEFINED)</div>
<div "result">i should see error message (UNDEFINED)</div>
<div "result">i close browser (UNDEFINED)</div>
<div "result">i open browser with url &quot;http:&#x2F;&#x2F;www.orangehrm.qedgetech.com&#x2F;&quot; (UNDEFINED)</div>
<div "result">i should see login page (UNDEFINED)</div>
<div "result">i enter username as &quot;&quot; (UNDEFINED)</div>
<div "result">i enter password as &quot;&quot; (UNDEFINED)</div>
<div "result">i click login (UNDEFINED)</div>
<div "result">i should see error message (UNDEFINED)</div>
<div "result">i close browser (UNDEFINED)</div>]]>
  </system-out>
</testsuite> <!-- testRunner.Runner -->
