<?xml version="1.0" encoding="UTF-8"?>
<!-- Generated by org.testng.reporters.JUnitReportReporter -->
<testsuite hostname="GODHEAVEN" failures="0" tests="4" name="testRunner.Runner" time="10.278" errors="0" timestamp="2024-08-11T10:35:59 IST" skipped="4">
  <testcase classname="testRunner.Runner" name="runScenario" time="4.016">
    <skipped/>
    <system-out>
      <![CDATA[<div "result">i open browser with url &quot;http:&#x2F;&#x2F;www.orangehrm.qedgetech.com&#x2F;&quot; (FAILED : 3s)</div>
<div "result">i should see login page (SKIPPED)</div>
<div "result">i enter username as &quot;Admin&quot; (SKIPPED)</div>
<div "result">i enter password as &quot;Qedge123!@#&quot; (SKIPPED)</div>
<div "result">i click login (SKIPPED)</div>
<div "result">i should see admin module (SKIPPED)</div>
<div "result">i click logout (SKIPPED)</div>
<div "result">i should see login page (SKIPPED)</div>
<div "result">i close browser (SKIPPED)</div>]]>
    </system-out>
  </testcase> <!-- runScenario -->
  <testcase classname="testRunner.Runner" name="runScenario" time="2.028">
    <skipped/>
    <system-out>
      <![CDATA[<div "result">i open browser with url &quot;http:&#x2F;&#x2F;www.orangehrm.qedgetech.com&#x2F;&quot; (FAILED : 2s)</div>
<div "result">i should see login page (SKIPPED)</div>
<div "result">i enter username as &quot;Amin&quot; (SKIPPED)</div>
<div "result">i enter password as &quot;Qedge&quot; (SKIPPED)</div>
<div "result">i click login (SKIPPED)</div>
<div "result">i should see error message (SKIPPED)</div>
<div "result">i close browser (SKIPPED)</div>]]>
    </system-out>
  </testcase> <!-- runScenario -->
  <testcase classname="testRunner.Runner" name="runScenario" time="2.254">
    <skipped/>
    <system-out>
      <![CDATA[<div "result">i open browser with url &quot;http:&#x2F;&#x2F;www.orangehrm.qedgetech.com&#x2F;&quot; (FAILED : 2s)</div>
<div "result">i should see login page (SKIPPED)</div>
<div "result">i enter username as &quot;admin1&quot; (SKIPPED)</div>
<div "result">i enter password as &quot;Qegebjh123!@#&quot; (SKIPPED)</div>
<div "result">i click login (SKIPPED)</div>
<div "result">i should see error message (SKIPPED)</div>
<div "result">i close browser (SKIPPED)</div>]]>
    </system-out>
  </testcase> <!-- runScenario -->
  <testcase classname="testRunner.Runner" name="runScenario" time="1.980">
    <skipped/>
    <system-out>
      <![CDATA[<div "result">i open browser with url &quot;http:&#x2F;&#x2F;www.orangehrm.qedgetech.com&#x2F;&quot; (FAILED : 1s)</div>
<div "result">i should see login page (SKIPPED)</div>
<div "result">i enter username as &quot;Admin&quot; (SKIPPED)</div>
<div "result">i enter password as &quot;Qedge@123&quot; (SKIPPED)</div>
<div "result">i click login (SKIPPED)</div>
<div "result">i should see error message (SKIPPED)</div>
<div "result">i close browser (SKIPPED)</div>]]>
    </system-out>
  </testcase> <!-- runScenario -->
  <system-out>
    <![CDATA[<div "result">i open browser with url &quot;http:&#x2F;&#x2F;www.orangehrm.qedgetech.com&#x2F;&quot; (FAILED : 3s)</div>
<div "result">i should see login page (SKIPPED)</div>
<div "result">i enter username as &quot;Admin&quot; (SKIPPED)</div>
<div "result">i enter password as &quot;Qedge123!@#&quot; (SKIPPED)</div>
<div "result">i click login (SKIPPED)</div>
<div "result">i should see admin module (SKIPPED)</div>
<div "result">i click logout (SKIPPED)</div>
<div "result">i should see login page (SKIPPED)</div>
<div "result">i close browser (SKIPPED)</div>
<div "result">i open browser with url &quot;http:&#x2F;&#x2F;www.orangehrm.qedgetech.com&#x2F;&quot; (FAILED : 1s)</div>
<div "result">i should see login page (SKIPPED)</div>
<div "result">i enter username as &quot;Admin&quot; (SKIPPED)</div>
<div "result">i enter password as &quot;Qedge@123&quot; (SKIPPED)</div>
<div "result">i click login (SKIPPED)</div>
<div "result">i should see error message (SKIPPED)</div>
<div "result">i close browser (SKIPPED)</div>
<div "result">i open browser with url &quot;http:&#x2F;&#x2F;www.orangehrm.qedgetech.com&#x2F;&quot; (FAILED : 2s)</div>
<div "result">i should see login page (SKIPPED)</div>
<div "result">i enter username as &quot;Amin&quot; (SKIPPED)</div>
<div "result">i enter password as &quot;Qedge&quot; (SKIPPED)</div>
<div "result">i click login (SKIPPED)</div>
<div "result">i should see error message (SKIPPED)</div>
<div "result">i close browser (SKIPPED)</div>
<div "result">i open browser with url &quot;http:&#x2F;&#x2F;www.orangehrm.qedgetech.com&#x2F;&quot; (FAILED : 2s)</div>
<div "result">i should see login page (SKIPPED)</div>
<div "result">i enter username as &quot;admin1&quot; (SKIPPED)</div>
<div "result">i enter password as &quot;Qegebjh123!@#&quot; (SKIPPED)</div>
<div "result">i click login (SKIPPED)</div>
<div "result">i should see error message (SKIPPED)</div>
<div "result">i close browser (SKIPPED)</div>]]>
  </system-out>
</testsuite> <!-- testRunner.Runner -->
